C:\Users\BigSh0t\MaiM-with-u\maimbot_tts_adapter\src\plugins\GPT_Sovits\api_server.py:16: DeprecationWarning: 
        on_event is deprecated, use lifespan event handlers instead.

        Read more about it in the
        [FastAPI docs for Lifespan Events](https://fastapi.tiangolo.com/advanced/events/).
        
  @app.on_event("startup")
INFO:     Started server process [44504]
INFO:     Waiting for application startup.
ERROR:    Traceback (most recent call last):
  File "C:\Users\BigSh0t\AppData\Local\Programs\Python\Python312\Lib\site-packages\urllib3\connection.py", line 198, in _new_conn
    sock = connection.create_connection(
           ^^^^^^^^^^^^^^^^^^^^^^^^^^^^^
  File "C:\Users\BigSh0t\AppData\Local\Programs\Python\Python312\Lib\site-packages\urllib3\util\connection.py", line 85, in create_connection
    raise err
  File "C:\Users\BigSh0t\AppData\Local\Programs\Python\Python312\Lib\site-packages\urllib3\util\connection.py", line 73, in create_connection
    sock.connect(sa)
ConnectionRefusedError: [WinError 10061] 由于目标计算机积极拒绝，无法连接。

The above exception was the direct cause of the following exception:

Traceback (most recent call last):
  File "C:\Users\BigSh0t\AppData\Local\Programs\Python\Python312\Lib\site-packages\urllib3\connectionpool.py", line 787, in urlopen
    response = self._make_request(
               ^^^^^^^^^^^^^^^^^^^
  File "C:\Users\BigSh0t\AppData\Local\Programs\Python\Python312\Lib\site-packages\urllib3\connectionpool.py", line 493, in _make_request
    conn.request(
  File "C:\Users\BigSh0t\AppData\Local\Programs\Python\Python312\Lib\site-packages\urllib3\connection.py", line 494, in request
    self.endheaders()
  File "C:\Users\BigSh0t\AppData\Local\Programs\Python\Python312\Lib\http\client.py", line 1331, in endheaders
    self._send_output(message_body, encode_chunked=encode_chunked)
  File "C:\Users\BigSh0t\AppData\Local\Programs\Python\Python312\Lib\http\client.py", line 1091, in _send_output
    self.send(msg)
  File "C:\Users\BigSh0t\AppData\Local\Programs\Python\Python312\Lib\http\client.py", line 1035, in send
    self.connect()
  File "C:\Users\BigSh0t\AppData\Local\Programs\Python\Python312\Lib\site-packages\urllib3\connection.py", line 325, in connect
    self.sock = self._new_conn()
                ^^^^^^^^^^^^^^^^
  File "C:\Users\BigSh0t\AppData\Local\Programs\Python\Python312\Lib\site-packages\urllib3\connection.py", line 213, in _new_conn
    raise NewConnectionError(
urllib3.exceptions.NewConnectionError: <urllib3.connection.HTTPConnection object at 0x000001C2125E9DC0>: Failed to establish a new connection: [WinError 10061] 由于目标计算机积极拒绝，无法连接。

The above exception was the direct cause of the following exception:

Traceback (most recent call last):
  File "C:\Users\BigSh0t\AppData\Local\Programs\Python\Python312\Lib\site-packages\requests\adapters.py", line 644, in send
    resp = conn.urlopen(
           ^^^^^^^^^^^^^
  File "C:\Users\BigSh0t\AppData\Local\Programs\Python\Python312\Lib\site-packages\urllib3\connectionpool.py", line 841, in urlopen
    retries = retries.increment(
              ^^^^^^^^^^^^^^^^^^
  File "C:\Users\BigSh0t\AppData\Local\Programs\Python\Python312\Lib\site-packages\urllib3\util\retry.py", line 519, in increment
    raise MaxRetryError(_pool, url, reason) from reason  # type: ignore[arg-type]
    ^^^^^^^^^^^^^^^^^^^^^^^^^^^^^^^^^^^^^^^^^^^^^^^^^^^
urllib3.exceptions.MaxRetryError: HTTPConnectionPool(host='127.0.0.1', port=9880): Max retries exceeded with url: /set_gpt_weights?weights_path=C%3A%2FUsers%2FBigSh0t%2FMaiM-with-u%2Fmaimbot_tts_adapter%2Fconfigs%2Fncnk1-e15.ckpt (Caused by NewConnectionError('<urllib3.connection.HTTPConnection object at 0x000001C2125E9DC0>: Failed to establish a new connection: [WinError 10061] 由于目标计算机积极拒绝，无法连接。'))

During handling of the above exception, another exception occurred:

Traceback (most recent call last):
  File "C:\Users\BigSh0t\AppData\Local\Programs\Python\Python312\Lib\site-packages\starlette\routing.py", line 694, in lifespan
    async with self.lifespan_context(app) as maybe_state:
               ^^^^^^^^^^^^^^^^^^^^^^^^^^
  File "C:\Users\BigSh0t\AppData\Local\Programs\Python\Python312\Lib\site-packages\starlette\routing.py", line 571, in __aenter__
    await self._router.startup()
  File "C:\Users\BigSh0t\AppData\Local\Programs\Python\Python312\Lib\site-packages\starlette\routing.py", line 671, in startup
    await handler()
  File "C:\Users\BigSh0t\MaiM-with-u\maimbot_tts_adapter\src\plugins\GPT_Sovits\api_server.py", line 21, in startup_event
    tts_model = TTSModel()
                ^^^^^^^^^^
  File "C:\Users\BigSh0t\MaiM-with-u\maimbot_tts_adapter\src\plugins\GPT_Sovits\tts_model.py", line 29, in __init__
    self.initialize()
  File "C:\Users\BigSh0t\MaiM-with-u\maimbot_tts_adapter\src\plugins\GPT_Sovits\tts_model.py", line 48, in initialize
    self.load_preset(self.config.pipeline.default_preset)
  File "C:\Users\BigSh0t\MaiM-with-u\maimbot_tts_adapter\src\plugins\GPT_Sovits\tts_model.py", line 102, in load_preset
    self.set_gpt_weights(preset.gpt_model)
  File "C:\Users\BigSh0t\MaiM-with-u\maimbot_tts_adapter\src\plugins\GPT_Sovits\tts_model.py", line 153, in set_gpt_weights
    response = requests.get(f"{self.base_url}/set_gpt_weights", params={"weights_path": weights_path})
               ^^^^^^^^^^^^^^^^^^^^^^^^^^^^^^^^^^^^^^^^^^^^^^^^^^^^^^^^^^^^^^^^^^^^^^^^^^^^^^^^^^^^^^^
  File "C:\Users\BigSh0t\AppData\Local\Programs\Python\Python312\Lib\site-packages\requests\api.py", line 73, in get
    return request("get", url, params=params, **kwargs)
           ^^^^^^^^^^^^^^^^^^^^^^^^^^^^^^^^^^^^^^^^^^^^
  File "C:\Users\BigSh0t\AppData\Local\Programs\Python\Python312\Lib\site-packages\requests\api.py", line 59, in request
    return session.request(method=method, url=url, **kwargs)
           ^^^^^^^^^^^^^^^^^^^^^^^^^^^^^^^^^^^^^^^^^^^^^^^^^
  File "C:\Users\BigSh0t\AppData\Local\Programs\Python\Python312\Lib\site-packages\requests\sessions.py", line 589, in request
    resp = self.send(prep, **send_kwargs)
           ^^^^^^^^^^^^^^^^^^^^^^^^^^^^^^
  File "C:\Users\BigSh0t\AppData\Local\Programs\Python\Python312\Lib\site-packages\requests\sessions.py", line 703, in send
    r = adapter.send(request, **kwargs)
        ^^^^^^^^^^^^^^^^^^^^^^^^^^^^^^^
  File "C:\Users\BigSh0t\AppData\Local\Programs\Python\Python312\Lib\site-packages\requests\adapters.py", line 677, in send
    raise ConnectionError(e, request=request)
requests.exceptions.ConnectionError: HTTPConnectionPool(host='127.0.0.1', port=9880): Max retries exceeded with url: /set_gpt_weights?weights_path=C%3A%2FUsers%2FBigSh0t%2FMaiM-with-u%2Fmaimbot_tts_adapter%2Fconfigs%2Fncnk1-e15.ckpt (Caused by NewConnectionError('<urllib3.connection.HTTPConnection object at 0x000001C2125E9DC0>: Failed to establish a new connection: [WinError 10061] 由于目标计算机积极拒绝，无法连接。'))

ERROR:    Application startup failed. Exiting.
启动 GPT-SoVITS TTS 服务中 ...
