warning: No `requires-python` value found in the workspace. Defaulting to `>=3.12`.
2025-10-24 07:48:14.470 | INFO     | src.config.config:update_config:53 - 检测到配置文件版本号相同 (v0.1.2)，跳过更新
2025-10-24 07:48:14.470 | INFO     | src.config.config:<module>:144 - 正在品鉴配置文件...
2025-10-24 07:48:14.472 | INFO     | src.config.config:<module>:146 - 非常的新鲜，非常的美味！
2025-10-24 07:48:14 | INFO     | src:<module>:25 - 版本

MaiBot-Napcat-Adapter 版本: 0.5.5
喜欢的话点个star喵~

2025-10-24 07:48:14 | INFO     | src.database:_ensure_database:62 - 确保数据库文件和表已创建...
2025-10-24 07:48:14 | SUCCESS  | src.database:_ensure_database:64 - 数据库和表已创建或已存在
2025-10-24 07:48:15 | INFO     | __main__:napcat_server:67 - 正在启动adapter...
2025-10-24 07:48:15 | INFO     | src.mmc_com_layer:mmc_start_com:18 - 正在连接MaiBot
2025-10-24 07:48:15 | INFO     | src.response_pool:check_timeout_response:43 - 已删除 0 条超时响应消息
2025-10-24 07:48:15 | INFO     | maim_message.ws_connection:connect:491 - 正在连接到 %s
2025-10-24 07:48:15 | INFO     | __main__:napcat_server:69 - Adapter已启动，监听地址: ws://127.0.0.1:8095
opening handshake failed
Traceback (most recent call last):
  File "C:\Users\BigSh0t\MaiM-with-u\MaiBot-Napcat-Adapter\.venv\Lib\site-packages\websockets\http11.py", line 138, in parse
    request_line = yield from parse_line(read_line)
                   ^^^^^^^^^^^^^^^^^^^^^^^^^^^^^^^^
  File "C:\Users\BigSh0t\MaiM-with-u\MaiBot-Napcat-Adapter\.venv\Lib\site-packages\websockets\http11.py", line 309, in parse_line
    line = yield from read_line(MAX_LINE_LENGTH)
           ^^^^^^^^^^^^^^^^^^^^^^^^^^^^^^^^^^^^^
  File "C:\Users\BigSh0t\MaiM-with-u\MaiBot-Napcat-Adapter\.venv\Lib\site-packages\websockets\streams.py", line 46, in read_line
    raise EOFError(f"stream ends after {p} bytes, before end of line")
EOFError: stream ends after 0 bytes, before end of line

The above exception was the direct cause of the following exception:

Traceback (most recent call last):
  File "C:\Users\BigSh0t\MaiM-with-u\MaiBot-Napcat-Adapter\.venv\Lib\site-packages\websockets\server.py", line 545, in parse
    request = yield from Request.parse(
              ^^^^^^^^^^^^^^^^^^^^^^^^^
  File "C:\Users\BigSh0t\MaiM-with-u\MaiBot-Napcat-Adapter\.venv\Lib\site-packages\websockets\http11.py", line 140, in parse
    raise EOFError("connection closed while reading HTTP request line") from exc
EOFError: connection closed while reading HTTP request line

The above exception was the direct cause of the following exception:

Traceback (most recent call last):
  File "C:\Users\BigSh0t\MaiM-with-u\MaiBot-Napcat-Adapter\.venv\Lib\site-packages\websockets\asyncio\server.py", line 356, in conn_handler
    await connection.handshake(
  File "C:\Users\BigSh0t\MaiM-with-u\MaiBot-Napcat-Adapter\.venv\Lib\site-packages\websockets\asyncio\server.py", line 207, in handshake
    raise self.protocol.handshake_exc
websockets.exceptions.InvalidMessage: did not receive a valid HTTP request
2025-10-24 07:48:15 | INFO     | maim_message.ws_connection:connect:496 - 已成功连接到 %s
2025-10-24 07:48:45 | INFO     | src.response_pool:check_timeout_response:43 - 已删除 0 条超时响应消息
2025-10-24 07:49:15 | INFO     | src.response_pool:check_timeout_response:43 - 已删除 0 条超时响应消息
^C